# JRE version: OpenJDK Runtime Environment (8.0_112-b06) (build 1.8.0_112-release-b06)
# Java VM: OpenJDK 64-Bit Server VM (25.112-b06 mixed mode windows-amd64 compressed oops)
Heap:
 PSYoungGen      total 304640K, used 84246K [0x00000000e0000000, 0x00000000f4a00000, 0x0000000100000000)
  eden space 279552K, 21% used [0x00000000e0000000,0x00000000e39c8720,0x00000000f1100000)
  from space 25088K, 99% used [0x00000000f2f00000,0x00000000f477d1b0,0x00000000f4780000)
  to   space 29184K, 0% used [0x00000000f1100000,0x00000000f1100000,0x00000000f2d80000)
 ParOldGen       total 150528K, used 44535K [0x00000000a0000000, 0x00000000a9300000, 0x00000000e0000000)
  object space 150528K, 29% used [0x00000000a0000000,0x00000000a2b7dc70,0x00000000a9300000)
 Metaspace       used 61812K, capacity 64262K, committed 64512K, reserved 1105920K
  class space    used 8162K, capacity 8668K, committed 8704K, reserved 1048576K
GC Heap History (10 events):
Event: 14.629 GC heap before
{Heap before GC invocations=13 (full 2):
 PSYoungGen      total 173568K, used 173540K [0x00000000e0000000, 0x00000000ec600000, 0x0000000100000000)
  eden space 158720K, 100% used [0x00000000e0000000,0x00000000e9b00000,0x00000000e9b00000)
  from space 14848K, 99% used [0x00000000eae00000,0x00000000ebc79358,0x00000000ebc80000)
  to   space 19456K, 0% used [0x00000000e9b00000,0x00000000e9b00000,0x00000000eae00000)
 ParOldGen       total 108544K, used 26167K [0x00000000a0000000, 0x00000000a6a00000, 0x00000000e0000000)
  object space 108544K, 24% used [0x00000000a0000000,0x00000000a198dd68,0x00000000a6a00000)
 Metaspace       used 56386K, capacity 58722K, committed 58880K, reserved 1099776K
  class space    used 7587K, capacity 8098K, committed 8192K, reserved 1048576K
Event: 14.722 GC heap after
Heap after GC invocations=13 (full 2):
 PSYoungGen      total 178176K, used 19444K [0x00000000e0000000, 0x00000000ef700000, 0x0000000100000000)
  eden space 158720K, 0% used [0x00000000e0000000,0x00000000e0000000,0x00000000e9b00000)
  from space 19456K, 99% used [0x00000000e9b00000,0x00000000eadfd298,0x00000000eae00000)
  to   space 25600K, 0% used [0x00000000ede00000,0x00000000ede00000,0x00000000ef700000)
 ParOldGen       total 108544K, used 35557K [0x00000000a0000000, 0x00000000a6a00000, 0x00000000e0000000)
  object space 108544K, 32% used [0x00000000a0000000,0x00000000a22b96b0,0x00000000a6a00000)
 Metaspace       used 56386K, capacity 58722K, committed 58880K, reserved 1099776K
  class space    used 7587K, capacity 8098K, committed 8192K, reserved 1048576K
}
Event: 15.054 GC heap before
{Heap before GC invocations=14 (full 2):
 PSYoungGen      total 178176K, used 37760K [0x00000000e0000000, 0x00000000ef700000, 0x0000000100000000)
  eden space 158720K, 11% used [0x00000000e0000000,0x00000000e11e3088,0x00000000e9b00000)
  from space 19456K, 99% used [0x00000000e9b00000,0x00000000eadfd298,0x00000000eae00000)
  to   space 25600K, 0% used [0x00000000ede00000,0x00000000ede00000,0x00000000ef700000)
 ParOldGen       total 108544K, used 35557K [0x00000000a0000000, 0x00000000a6a00000, 0x00000000e0000000)
  object space 108544K, 32% used [0x00000000a0000000,0x00000000a22b96b0,0x00000000a6a00000)
 Metaspace       used 56666K, capacity 59018K, committed 59136K, reserved 1099776K
  class space    used 7599K, capacity 8104K, committed 8192K, reserved 1048576K
Event: 15.235 GC heap after
Heap after GC invocations=14 (full 2):
 PSYoungGen      total 226816K, used 17490K [0x00000000e0000000, 0x00000000f1980000, 0x0000000100000000)
  eden space 201216K, 0% used [0x00000000e0000000,0x00000000e0000000,0x00000000ec480000)
  from space 25600K, 68% used [0x00000000ede00000,0x00000000eef14810,0x00000000ef700000)
  to   space 26112K, 0% used [0x00000000ec480000,0x00000000ec480000,0x00000000ede00000)
 ParOldGen       total 108544K, used 39584K [0x00000000a0000000, 0x00000000a6a00000, 0x00000000e0000000)
  object space 108544K, 36% used [0x00000000a0000000,0x00000000a26a8168,0x00000000a6a00000)
 Metaspace       used 56666K, capacity 59018K, committed 59136K, reserved 1099776K
  class space    used 7599K, capacity 8104K, committed 8192K, reserved 1048576K
}
Event: 15.235 GC heap before
{Heap before GC invocations=15 (full 3):
 PSYoungGen      total 226816K, used 17490K [0x00000000e0000000, 0x00000000f1980000, 0x0000000100000000)
  eden space 201216K, 0% used [0x00000000e0000000,0x00000000e0000000,0x00000000ec480000)
  from space 25600K, 68% used [0x00000000ede00000,0x00000000eef14810,0x00000000ef700000)
  to   space 26112K, 0% used [0x00000000ec480000,0x00000000ec480000,0x00000000ede00000)
 ParOldGen       total 108544K, used 39584K [0x00000000a0000000, 0x00000000a6a00000, 0x00000000e0000000)
  object space 108544K, 36% used [0x00000000a0000000,0x00000000a26a8168,0x00000000a6a00000)
 Metaspace       used 56666K, capacity 59018K, committed 59136K, reserved 1099776K
  class space    used 7599K, capacity 8104K, committed 8192K, reserved 1048576K
Event: 15.804 GC heap after
Heap after GC invocations=15 (full 3):
 PSYoungGen      total 226816K, used 0K [0x00000000e0000000, 0x00000000f1980000, 0x0000000100000000)
  eden space 201216K, 0% used [0x00000000e0000000,0x00000000e0000000,0x00000000ec480000)
  from space 25600K, 0% used [0x00000000ede00000,0x00000000ede00000,0x00000000ef700000)
  to   space 26112K, 0% used [0x00000000ec480000,0x00000000ec480000,0x00000000ede00000)
 ParOldGen       total 150528K, used 42295K [0x00000000a0000000, 0x00000000a9300000, 0x00000000e0000000)
  object space 150528K, 28% used [0x00000000a0000000,0x00000000a294df30,0x00000000a9300000)
 Metaspace       used 56666K, capacity 59018K, committed 59136K, reserved 1099776K
  class space    used 7599K, capacity 8104K, committed 8192K, reserved 1048576K
}
Event: 29.614 GC heap before
{Heap before GC invocations=16 (full 3):
 PSYoungGen      total 226816K, used 201216K [0x00000000e0000000, 0x00000000f1980000, 0x0000000100000000)
  eden space 201216K, 100% used [0x00000000e0000000,0x00000000ec480000,0x00000000ec480000)
  from space 25600K, 0% used [0x00000000ede00000,0x00000000ede00000,0x00000000ef700000)
  to   space 26112K, 0% used [0x00000000ec480000,0x00000000ec480000,0x00000000ede00000)
 ParOldGen       total 150528K, used 42295K [0x00000000a0000000, 0x00000000a9300000, 0x00000000e0000000)
  object space 150528K, 28% used [0x00000000a0000000,0x00000000a294df30,0x00000000a9300000)
 Metaspace       used 61552K, capacity 64000K, committed 64256K, reserved 1105920K
  class space    used 8156K, capacity 8667K, committed 8704K, reserved 1048576K
Event: 29.633 GC heap after
Heap after GC invocations=16 (full 3):
 PSYoungGen      total 227328K, used 11784K [0x00000000e0000000, 0x00000000f4780000, 0x0000000100000000)
  eden space 201216K, 0% used [0x00000000e0000000,0x00000000e0000000,0x00000000ec480000)
  from space 26112K, 45% used [0x00000000ec480000,0x00000000ed0021d8,0x00000000ede00000)
  to   space 25088K, 0% used [0x00000000f2f00000,0x00000000f2f00000,0x00000000f4780000)
 ParOldGen       total 150528K, used 42303K [0x00000000a0000000, 0x00000000a9300000, 0x00000000e0000000)
  object space 150528K, 28% used [0x00000000a0000000,0x00000000a294ff30,0x00000000a9300000)
 Metaspace       used 61552K, capacity 64000K, committed 64256K, reserved 1105920K
  class space    used 8156K, capacity 8667K, committed 8704K, reserved 1048576K
}
Event: 31.486 GC heap before
{Heap before GC invocations=17 (full 3):
 PSYoungGen      total 227328K, used 213000K [0x00000000e0000000, 0x00000000f4780000, 0x0000000100000000)
  eden space 201216K, 100% used [0x00000000e0000000,0x00000000ec480000,0x00000000ec480000)
  from space 26112K, 45% used [0x00000000ec480000,0x00000000ed0021d8,0x00000000ede00000)
  to   space 25088K, 0% used [0x00000000f2f00000,0x00000000f2f00000,0x00000000f4780000)
 ParOldGen       total 150528K, used 42303K [0x00000000a0000000, 0x00000000a9300000, 0x00000000e0000000)
  object space 150528K, 28% used [0x00000000a0000000,0x00000000a294ff30,0x00000000a9300000)
 Metaspace       used 61585K, capacity 64000K, committed 64256K, reserved 1105920K
  class space    used 8158K, capacity 8667K, committed 8704K, reserved 1048576K
Event: 31.517 GC heap after
Heap after GC invocations=17 (full 3):
 PSYoungGen      total 304640K, used 25076K [0x00000000e0000000, 0x00000000f4a00000, 0x0000000100000000)
  eden space 279552K, 0% used [0x00000000e0000000,0x00000000e0000000,0x00000000f1100000)
  from space 25088K, 99% used [0x00000000f2f00000,0x00000000f477d1b0,0x00000000f4780000)
  to   space 29184K, 0% used [0x00000000f1100000,0x00000000f1100000,0x00000000f2d80000)
 ParOldGen       total 150528K, used 44535K [0x00000000a0000000, 0x00000000a9300000, 0x00000000e0000000)
  object space 150528K, 29% used [0x00000000a0000000,0x00000000a2b7dc70,0x00000000a9300000)
 Metaspace       used 61585K, capacity 64000K, committed 64256K, reserved 1105920K
  class space    used 8158K, capacity 8667K, committed 8704K, reserved 1048576K
}

